Thu Jul 28 2016 13:37:10 GMT-0400 (EDT): GET /about
Thu Jul 28 2016 13:37:11 GMT-0400 (EDT): GET /favicon.ico
Thu Jul 28 2016 13:42:16 GMT-0400 (EDT): GET /about
Thu Jul 28 2016 13:42:21 GMT-0400 (EDT): GET /
Thu Jul 28 2016 13:43:41 GMT-0400 (EDT): GET /help.html
Thu Jul 28 2016 13:43:46 GMT-0400 (EDT): GET /
Thu Jul 28 2016 13:46:17 GMT-0400 (EDT): GET /
Thu Jul 28 2016 13:46:42 GMT-0400 (EDT): GET /
Thu Jul 28 2016 13:46:45 GMT-0400 (EDT): GET /about
Tue Oct 23 2018 12:03:41 GMT+0200 (ora legale Europa occidentale): GET /about.hbs
Tue Oct 23 2018 12:03:44 GMT+0200 (ora legale Europa occidentale): GET /
Tue Oct 23 2018 12:03:46 GMT+0200 (ora legale Europa occidentale): GET /about
Tue Oct 23 2018 12:03:47 GMT+0200 (ora legale Europa occidentale): GET /
Tue Oct 23 2018 12:03:48 GMT+0200 (ora legale Europa occidentale): GET /about
Tue Oct 23 2018 12:03:50 GMT+0200 (ora legale Europa occidentale): GET /
Tue Oct 23 2018 12:03:51 GMT+0200 (ora legale Europa occidentale): GET /about
Tue Oct 23 2018 12:09:32 GMT+0200 (ora legale Europa occidentale): GET /
Tue Oct 23 2018 12:09:34 GMT+0200 (ora legale Europa occidentale): GET /about
Tue Oct 23 2018 12:09:35 GMT+0200 (ora legale Europa occidentale): GET /
Tue Oct 23 2018 12:09:36 GMT+0200 (ora legale Europa occidentale): GET /about
Tue Oct 23 2018 12:09:37 GMT+0200 (ora legale Europa occidentale): GET /
Tue Oct 23 2018 12:10:27 GMT+0200 (ora legale Europa occidentale): GET /
Tue Oct 23 2018 12:10:35 GMT+0200 (ora legale Europa occidentale): GET /
Tue Oct 23 2018 12:10:36 GMT+0200 (ora legale Europa occidentale): GET /
Tue Oct 23 2018 12:10:37 GMT+0200 (ora legale Europa occidentale): GET /about
Tue Oct 23 2018 12:10:39 GMT+0200 (ora legale Europa occidentale): GET /
